<?xml version="1.0" encoding="UTF-8"?>
<testsuite name="agh.ics.oop.Vector2dTest" tests="9" skipped="0" failures="0" errors="0" timestamp="2022-10-20T08:59:53" hostname="DESKTOP-P62BTN0" time="0.049">
  <properties/>
  <testcase name="subtract()" classname="agh.ics.oop.Vector2dTest" time="0.027"/>
  <testcase name="upperRight()" classname="agh.ics.oop.Vector2dTest" time="0.001"/>
  <testcase name="precedes()" classname="agh.ics.oop.Vector2dTest" time="0.001"/>
  <testcase name="testToString()" classname="agh.ics.oop.Vector2dTest" time="0.007"/>
  <testcase name="follows()" classname="agh.ics.oop.Vector2dTest" time="0.001"/>
  <testcase name="lowerLeft()" classname="agh.ics.oop.Vector2dTest" time="0.001"/>
  <testcase name="opposite()" classname="agh.ics.oop.Vector2dTest" time="0.0"/>
  <testcase name="add()" classname="agh.ics.oop.Vector2dTest" time="0.001"/>
  <testcase name="testEquals()" classname="agh.ics.oop.Vector2dTest" time="0.001"/>
  <system-out><![CDATA[]]></system-out>
  <system-err><![CDATA[]]></system-err>
</testsuite>
