<?xml version="1.0" encoding="UTF-8"?>
<testsuite name="agh.ics.oop.AbstractWorldMapTest" tests="1" skipped="0" failures="0" errors="0" timestamp="2022-11-21T19:47:31" hostname="DESKTOP-P62BTN0" time="0.476">
  <properties/>
  <testcase name="engineTest()" classname="agh.ics.oop.AbstractWorldMapTest" time="0.476"/>
  <system-out><![CDATA[]]></system-out>
  <system-err><![CDATA[]]></system-err>
</testsuite>
