<?xml version="1.0" encoding="UTF-8"?>
<testsuite name="agh.ics.oop.OptionsParserTest" tests="1" skipped="0" failures="0" errors="0" timestamp="2022-11-01T14:30:31" hostname="DESKTOP-P62BTN0" time="0.032">
  <properties/>
  <testcase name="parse()" classname="agh.ics.oop.OptionsParserTest" time="0.032"/>
  <system-out><![CDATA[]]></system-out>
  <system-err><![CDATA[]]></system-err>
</testsuite>
